<?xml version='1.0' encoding='UTF-8'?>
<result plugin="junit@1.20">
  <suites>
    <suite>
      <file>/var/lib/jenkins/workspace/Build_Maven_Job_image/image_processing/image_processor_app/target/surefire-reports/TEST-com.cg.hackathon.imageprocessor.ImageProcessorControllerTest.xml</file>
      <name>com.cg.hackathon.imageprocessor.ImageProcessorControllerTest</name>
      <duration>0.467</duration>
      <time>0.467</time>
      <cases>
        <case>
          <duration>0.451</duration>
          <className>com.cg.hackathon.imageprocessor.ImageProcessorControllerTest</className>
          <testName>testValidGetImageProcessorResponse</testName>
          <skipped>false</skipped>
          <failedSince>0</failedSince>
        </case>
        <case>
          <duration>0.0</duration>
          <className>com.cg.hackathon.imageprocessor.ImageProcessorControllerTest</className>
          <testName>testNegativeScenario1GetImageProcessorResponse</testName>
          <skipped>false</skipped>
          <failedSince>0</failedSince>
        </case>
        <case>
          <duration>0.016</duration>
          <className>com.cg.hackathon.imageprocessor.ImageProcessorControllerTest</className>
          <testName>testNegativeScenario2GetImageProcessorResponse</testName>
          <skipped>false</skipped>
          <failedSince>0</failedSince>
        </case>
      </cases>
    </suite>
  </suites>
  <duration>0.467</duration>
  <keepLongStdio>false</keepLongStdio>
</result>